#
# An unexpected error has been detected by Java Runtime Environment:
#
#  EXCEPTION_ACCESS_VIOLATION (0xc0000005) at pc=0x6da669a2, pid=4732, tid=11828
#
# Java VM: Java HotSpot(TM) Client VM (11.3-b02 mixed mode windows-x86)
# Problematic frame:
# V  [jvm.dll+0x1b69a2]
#
# If you would like to submit a bug report, please visit:
#   http://java.sun.com/webapps/bugreport/crash.jsp
#

---------------  T H R E A D  ---------------

Current thread (0x0237d400):  JavaThread "JDWP Transport Listener: dt_socket" daemon [_thread_in_vm, id=11828, stack(0x0c830000,0x0c880000)]

siginfo: ExceptionCode=0xc0000005, reading address 0x0000000c

Registers:
EAX=0x00000000, EBX=0x0000000c, ECX=0x0000000c, EDX=0x00000000
ESP=0x0c87fc18, EBP=0x6d44e93c, ESI=0x0000000c, EDI=0x00000004
EIP=0x6da669a2, EFLAGS=0x00010202

Top of Stack: (sp=0x0c87fc18)
0x0c87fc18:   0237c448 00000004 6da669e3 0000000c
0x0c87fc28:   00000004 6d44e0fc 0237c448 6d44e93c
0x0c87fc38:   6d44e114 6d97b87d 0000000c 00000004
0x0c87fc48:   6d98bc6f 04507c98 6d44e0fc 0237d514
0x0c87fc58:   6d44e93c 6d44e114 0237d400 00000000
0x0c87fc68:   6d449b79 0237d514 0c87fcb4 0236cac8
0x0c87fc78:   0236cad0 0236cebc 6d4362bd 0237d400
0x0c87fc88:   0236a41c 00000000 0c87fcb4 0c87fe50 

Instructions: (pc=0x6da669a2)
0x6da66992:   7c 24 0c 33 c0 33 d2 85 ff 7e 2d 56 8b 74 24 0c
0x6da669a2:   66 8b 0c 56 66 83 f9 01 72 09 66 83 f9 7f 77 03 


Stack: [0x0c830000,0x0c880000],  sp=0x0c87fc18,  free space=319k
Native frames: (J=compiled Java code, j=interpreted, Vv=VM code, C=native code)
V  [jvm.dll+0x1b69a2]


---------------  P R O C E S S  ---------------

Java Threads: ( => current thread )
  0x0238fc00 JavaThread "Low Memory Detector" daemon [_thread_blocked, id=9620, stack(0x0ca70000,0x0cac0000)]
  0x0238e400 JavaThread "CompilerThread0" daemon [_thread_blocked, id=9720, stack(0x0c9e0000,0x0ca30000)]
  0x02381c00 JavaThread "JDWP Command Reader" daemon [_thread_in_native, id=8700, stack(0x0c950000,0x0c9a0000)]
  0x02380400 JavaThread "JDWP Event Helper Thread" daemon [_thread_blocked, id=3848, stack(0x0c8c0000,0x0c910000)]
=>0x0237d400 JavaThread "JDWP Transport Listener: dt_socket" daemon [_thread_in_vm, id=11828, stack(0x0c830000,0x0c880000)]
  0x02370c00 JavaThread "Attach Listener" daemon [_thread_blocked, id=11896, stack(0x0c780000,0x0c7d0000)]
  0x02355c00 JavaThread "Signal Dispatcher" daemon [_thread_blocked, id=12616, stack(0x0c6f0000,0x0c740000)]
  0x02340c00 JavaThread "Finalizer" daemon [_thread_blocked, id=5980, stack(0x0c660000,0x0c6b0000)]
  0x0233f800 JavaThread "Reference Handler" daemon [_thread_blocked, id=12420, stack(0x0c5d0000,0x0c620000)]
  0x0242b000 JavaThread "main" [_thread_blocked, id=13984, stack(0x01f10000,0x01f60000)]

Other Threads:
  0x0233c400 VMThread [stack: 0x0c540000,0x0c590000] [id=7628]
  0x02399400 WatcherThread [stack: 0x0cb00000,0x0cb50000] [id=12524]

VM state:not at safepoint (normal execution)

VM Mutex/Monitor currently owned by a thread: None

Heap
 def new generation   total 960K, used 357K [0x044b0000, 0x045b0000, 0x04990000)
  eden space 896K,  39% used [0x044b0000, 0x04509760, 0x04590000)
  from space 64K,   0% used [0x04590000, 0x04590000, 0x045a0000)
  to   space 64K,   0% used [0x045a0000, 0x045a0000, 0x045b0000)
 tenured generation   total 4096K, used 0K [0x04990000, 0x04d90000, 0x084b0000)
   the space 4096K,   0% used [0x04990000, 0x04990000, 0x04990200, 0x04d90000)
 compacting perm gen  total 12288K, used 2128K [0x084b0000, 0x090b0000, 0x0c4b0000)
   the space 12288K,  17% used [0x084b0000, 0x086c40d0, 0x086c4200, 0x090b0000)
No shared spaces configured.

Dynamic libraries:
0x00400000 - 0x00424000 	D:\Users\98531\AppData\Local\Genuitec\Common\binary\com.sun.java.jdk.win32.x86_1.6.0.013\bin\javaw.exe
0x77a40000 - 0x77bd0000 	C:\WINDOWS\SYSTEM32\ntdll.dll
0x75e30000 - 0x75f10000 	C:\WINDOWS\System32\KERNEL32.DLL
0x77590000 - 0x77774000 	C:\WINDOWS\System32\KERNELBASE.dll
0x743d0000 - 0x74448000 	C:\WINDOWS\System32\ADVAPI32.dll
0x773d0000 - 0x7748f000 	C:\WINDOWS\System32\msvcrt.dll
0x770b0000 - 0x770f4000 	C:\WINDOWS\System32\sechost.dll
0x777b0000 - 0x77870000 	C:\WINDOWS\System32\RPCRT4.dll
0x74300000 - 0x74320000 	C:\WINDOWS\System32\SspiCli.dll
0x742f0000 - 0x742fa000 	C:\WINDOWS\System32\CRYPTBASE.dll
0x77100000 - 0x77158000 	C:\WINDOWS\System32\bcryptPrimitives.dll
0x75f60000 - 0x760ed000 	C:\WINDOWS\System32\USER32.dll
0x743a0000 - 0x743b7000 	C:\WINDOWS\System32\win32u.dll
0x77030000 - 0x77052000 	C:\WINDOWS\System32\GDI32.dll
0x74450000 - 0x745b4000 	C:\WINDOWS\System32\gdi32full.dll
0x745c0000 - 0x7463d000 	C:\WINDOWS\System32\msvcp_win.dll
0x77200000 - 0x7731e000 	C:\WINDOWS\System32\ucrtbase.dll
0x77780000 - 0x777a6000 	C:\WINDOWS\System32\IMM32.DLL
0x7c340000 - 0x7c396000 	D:\Users\98531\AppData\Local\Genuitec\Common\binary\com.sun.java.jdk.win32.x86_1.6.0.013\jre\bin\msvcr71.dll
0x6d8b0000 - 0x6db06000 	D:\Users\98531\AppData\Local\Genuitec\Common\binary\com.sun.java.jdk.win32.x86_1.6.0.013\jre\bin\client\jvm.dll
0x741a0000 - 0x741c4000 	C:\WINDOWS\SYSTEM32\WINMM.dll
0x74170000 - 0x74193000 	C:\WINDOWS\SYSTEM32\winmmbase.dll
0x76160000 - 0x76199000 	C:\WINDOWS\System32\cfgmgr32.dll
0x6d340000 - 0x6d348000 	D:\Users\98531\AppData\Local\Genuitec\Common\binary\com.sun.java.jdk.win32.x86_1.6.0.013\jre\bin\hpi.dll
0x773b0000 - 0x773b6000 	C:\WINDOWS\System32\PSAPI.DLL
0x6d430000 - 0x6d459000 	D:\Users\98531\AppData\Local\Genuitec\Common\binary\com.sun.java.jdk.win32.x86_1.6.0.013\jre\bin\jdwp.dll
0x6d750000 - 0x6d756000 	D:\Users\98531\AppData\Local\Genuitec\Common\binary\com.sun.java.jdk.win32.x86_1.6.0.013\jre\bin\npt.dll
0x6d860000 - 0x6d86c000 	D:\Users\98531\AppData\Local\Genuitec\Common\binary\com.sun.java.jdk.win32.x86_1.6.0.013\jre\bin\verify.dll
0x6d3e0000 - 0x6d3ff000 	D:\Users\98531\AppData\Local\Genuitec\Common\binary\com.sun.java.jdk.win32.x86_1.6.0.013\jre\bin\java.dll
0x6d8a0000 - 0x6d8af000 	D:\Users\98531\AppData\Local\Genuitec\Common\binary\com.sun.java.jdk.win32.x86_1.6.0.013\jre\bin\zip.dll
0x6d2b0000 - 0x6d2b7000 	D:\Users\98531\AppData\Local\Genuitec\Common\binary\com.sun.java.jdk.win32.x86_1.6.0.013\jre\bin\dt_socket.dll
0x760f0000 - 0x76157000 	C:\WINDOWS\System32\WS2_32.dll
0x72030000 - 0x72041000 	C:\WINDOWS\system32\napinsp.dll
0x72010000 - 0x72026000 	C:\WINDOWS\system32\pnrpnsp.dll
0x71ff0000 - 0x72003000 	C:\WINDOWS\system32\NLAapi.dll
0x72270000 - 0x722c6000 	C:\WINDOWS\System32\mswsock.dll
0x735b0000 - 0x7363e000 	C:\WINDOWS\SYSTEM32\DNSAPI.dll
0x743c0000 - 0x743c7000 	C:\WINDOWS\System32\NSI.dll
0x73f30000 - 0x73f60000 	C:\WINDOWS\SYSTEM32\IPHLPAPI.DLL
0x71fe0000 - 0x71fec000 	C:\WINDOWS\System32\winrnr.dll
0x71fc0000 - 0x71fd1000 	C:\WINDOWS\System32\wshbth.dll
0x71f60000 - 0x71faf000 	C:\WINDOWS\System32\fwpuclnt.dll
0x72e70000 - 0x72e89000 	C:\WINDOWS\SYSTEM32\bcrypt.dll
0x71fb0000 - 0x71fb8000 	C:\Windows\System32\rasadhlp.dll

VM Arguments:
jvm_args: -agentlib:jdwp=transport=dt_socket,suspend=y,address=localhost:51481 -Dfile.encoding=UTF-8 -Xbootclasspath/a:D:\Users\98531\AppData\Local\Genuitec\Common\plugins\com.genuitec.eclipse.j2eedt.core_8.5.0.me201003231033\data\libraryset\EE_5\javaee.jar;D:\Users\98531\AppData\Local\Genuitec\Common\plugins\com.genuitec.eclipse.j2eedt.core_8.5.0.me201003231033\data\libraryset\EE_5\jsf-impl.jar;D:\Users\98531\AppData\Local\Genuitec\Common\plugins\com.genuitec.eclipse.j2eedt.core_8.5.0.me201003231033\data\libraryset\EE_5\jsf-api.jar;D:\Users\98531\AppData\Local\Genuitec\Common\plugins\com.genuitec.eclipse.j2eedt.core_8.5.0.me201003231033\data\libraryset\EE_5\jstl-1.2.jar 
java_command: cn.test.Test
Launcher Type: SUN_STANDARD

Environment Variables:
JAVA_HOME=C:\Program Files\Java\jdk1.7.0_80
PATH=D:\Users\98531\AppData\Local\Genuitec\Common\binary\com.sun.java.jdk.win32.x86_1.6.0.013\jre\bin;D:/Users/98531/AppData/Local/Genuitec/Common/binary/com.sun.java.jdk.win32.x86_1.6.0.013/jre/bin/client;D:/Users/98531/AppData/Local/Genuitec/Common/binary/com.sun.java.jdk.win32.x86_1.6.0.013/jre/bin;C:\Program Files\Java\jdk1.7.0_80\bin;C:\Program Files (x86)\Lenovo\FusionEngine;C:\WINDOWS\system32;C:\WINDOWS;C:\WINDOWS\System32\Wbem;C:\WINDOWS\System32\WindowsPowerShell\v1.0\;C:\Program Files (x86)\ATI Technologies\ATI.ACE\Core-Static;C:\Program Files\Intel\WiFi\bin\;C:\Program Files\Common Files\Intel\WirelessCommon\;D:\新建文件夹\100\Tools\Binn\;D:\sql\100\Tools\Binn\;D:\sql\100\DTS\Binn\;D:\新建文件夹\100\Tools\Binn\VSShell\Common7\IDE\;D:\新建文件夹\100\DTS\Binn\;C:\Program Files (x86)\Microsoft Visual Studio 9.0\Common7\IDE\PrivateAssemblies\;D:\Program Files (x86)\MySQL\MySQL Server 5.0\bin;C:\WINDOWS\System32\OpenSSH\;D:\work;C:\Users\98531\AppData\Local\Microsoft\WindowsApps;;D:\Program Files (x86)\Microsoft VS Code\bin
USERNAME=98531
OS=Windows_NT
PROCESSOR_IDENTIFIER=Intel64 Family 6 Model 61 Stepping 4, GenuineIntel



---------------  S Y S T E M  ---------------

OS: Windows NT 6.2 Build 9200 

CPU:total 4 (8 cores per cpu, 2 threads per core) family 6 model 13 stepping 4, cmov, cx8, fxsr, mmx, sse, sse2, sse3, ssse3, ht

Memory: 4k page, physical 2097151k(869060k free), swap 4194303k(1855536k free)

vm_info: Java HotSpot(TM) Client VM (11.3-b02) for windows-x86 JRE (1.6.0_13-b03), built on Mar  9 2009 01:15:24 by "java_re" with MS VC++ 7.1

time: Mon Dec 17 14:06:26 2018
elapsed time: 55 seconds

